<?xml version="1.0" encoding="UTF-8"?>
<coverage generated="1638587561236" clover="3.2.0">
  <project timestamp="1638587561236" name="All files">
    <metrics statements="71" coveredstatements="49" conditionals="36" coveredconditionals="25" methods="11" coveredmethods="8" elements="118" coveredelements="82" complexity="0" loc="71" ncloc="71" packages="5" files="7" classes="7"/>
    <package name="src">
      <metrics statements="13" coveredstatements="13" conditionals="4" coveredconditionals="2" methods="0" coveredmethods="0"/>
      <file name="app.js" path="/home/luis/Área de Trabalho/sing-me-a-song/src/app.js">
        <metrics statements="7" coveredstatements="7" conditionals="0" coveredconditionals="0" methods="0" coveredmethods="0"/>
        <line num="5" count="1" type="stmt"/>
        <line num="6" count="1" type="stmt"/>
        <line num="7" count="1" type="stmt"/>
        <line num="9" count="1" type="stmt"/>
        <line num="10" count="1" type="stmt"/>
        <line num="11" count="1" type="stmt"/>
        <line num="12" count="1" type="stmt"/>
      </file>
      <file name="database.js" path="/home/luis/Área de Trabalho/sing-me-a-song/src/database.js">
        <metrics statements="2" coveredstatements="2" conditionals="0" coveredconditionals="0" methods="0" coveredmethods="0"/>
        <line num="3" count="2" type="stmt"/>
        <line num="5" count="2" type="stmt"/>
      </file>
      <file name="setup.js" path="/home/luis/Área de Trabalho/sing-me-a-song/src/setup.js">
        <metrics statements="4" coveredstatements="4" conditionals="4" coveredconditionals="2" methods="0" coveredmethods="0"/>
        <line num="3" count="1" type="stmt"/>
        <line num="4" count="1" type="cond" truecount="1" falsecount="1"/>
        <line num="5" count="1" type="cond" truecount="1" falsecount="1"/>
        <line num="7" count="1" type="stmt"/>
      </file>
    </package>
    <package name="src.controllers">
      <metrics statements="32" coveredstatements="20" conditionals="20" coveredconditionals="17" methods="4" coveredmethods="3"/>
      <file name="recommendationsController.js" path="/home/luis/Área de Trabalho/sing-me-a-song/src/controllers/recommendationsController.js">
        <metrics statements="32" coveredstatements="20" conditionals="20" coveredconditionals="17" methods="4" coveredmethods="3"/>
        <line num="5" count="4" type="stmt"/>
        <line num="6" count="4" type="cond" truecount="4" falsecount="0"/>
        <line num="8" count="3" type="stmt"/>
        <line num="9" count="3" type="cond" truecount="2" falsecount="0"/>
        <line num="11" count="2" type="stmt"/>
        <line num="12" count="2" type="cond" truecount="2" falsecount="0"/>
        <line num="14" count="1" type="stmt"/>
        <line num="16" count="0" type="stmt"/>
        <line num="17" count="0" type="stmt"/>
        <line num="22" count="3" type="stmt"/>
        <line num="24" count="3" type="cond" truecount="2" falsecount="0"/>
        <line num="26" count="2" type="stmt"/>
        <line num="27" count="2" type="stmt"/>
        <line num="28" count="2" type="cond" truecount="2" falsecount="0"/>
        <line num="30" count="1" type="stmt"/>
        <line num="32" count="0" type="stmt"/>
        <line num="33" count="0" type="stmt"/>
        <line num="38" count="3" type="stmt"/>
        <line num="40" count="3" type="cond" truecount="2" falsecount="0"/>
        <line num="42" count="2" type="stmt"/>
        <line num="43" count="2" type="stmt"/>
        <line num="44" count="2" type="cond" truecount="2" falsecount="0"/>
        <line num="45" count="1" type="cond" truecount="1" falsecount="1"/>
        <line num="47" count="1" type="stmt"/>
        <line num="49" count="0" type="stmt"/>
        <line num="50" count="0" type="stmt"/>
        <line num="55" count="0" type="stmt"/>
        <line num="56" count="0" type="stmt"/>
        <line num="58" count="0" type="cond" truecount="0" falsecount="2"/>
        <line num="60" count="0" type="stmt"/>
        <line num="62" count="0" type="stmt"/>
        <line num="63" count="0" type="stmt"/>
      </file>
    </package>
    <package name="src.repositories">
      <metrics statements="15" coveredstatements="5" conditionals="6" coveredconditionals="0" methods="4" coveredmethods="2"/>
      <file name="recommendationsRepository.js" path="/home/luis/Área de Trabalho/sing-me-a-song/src/repositories/recommendationsRepository.js">
        <metrics statements="15" coveredstatements="5" conditionals="6" coveredconditionals="0" methods="4" coveredmethods="2"/>
        <line num="4" count="2" type="stmt"/>
        <line num="6" count="2" type="stmt"/>
        <line num="8" count="2" type="stmt"/>
        <line num="12" count="4" type="stmt"/>
        <line num="14" count="4" type="stmt"/>
        <line num="18" count="0" type="stmt"/>
        <line num="22" count="0" type="stmt"/>
        <line num="23" count="0" type="stmt"/>
        <line num="25" count="0" type="stmt"/>
        <line num="27" count="0" type="cond" truecount="0" falsecount="2"/>
        <line num="28" count="0" type="cond" truecount="0" falsecount="2"/>
        <line num="30" count="0" type="cond" truecount="0" falsecount="2"/>
        <line num="32" count="0" type="stmt"/>
        <line num="33" count="0" type="stmt"/>
        <line num="35" count="0" type="stmt"/>
      </file>
    </package>
    <package name="src.services">
      <metrics statements="9" coveredstatements="9" conditionals="6" coveredconditionals="6" methods="2" coveredmethods="2"/>
      <file name="recommendationsService.js" path="/home/luis/Área de Trabalho/sing-me-a-song/src/services/recommendationsService.js">
        <metrics statements="9" coveredstatements="9" conditionals="6" coveredconditionals="6" methods="2" coveredmethods="2"/>
        <line num="5" count="5" type="stmt"/>
        <line num="11" count="5" type="stmt"/>
        <line num="13" count="5" type="stmt"/>
        <line num="17" count="3" type="stmt"/>
        <line num="18" count="3" type="cond" truecount="2" falsecount="0"/>
        <line num="20" count="3" type="stmt"/>
        <line num="22" count="3" type="cond" truecount="2" falsecount="0"/>
        <line num="24" count="2" type="cond" truecount="2" falsecount="0"/>
        <line num="26" count="2" type="stmt"/>
      </file>
    </package>
    <package name="tests.factories">
      <metrics statements="2" coveredstatements="2" conditionals="0" coveredconditionals="0" methods="1" coveredmethods="1"/>
      <file name="songFactory.js" path="/home/luis/Área de Trabalho/sing-me-a-song/tests/factories/songFactory.js">
        <metrics statements="2" coveredstatements="2" conditionals="0" coveredconditionals="0" methods="1" coveredmethods="1"/>
        <line num="4" count="7" type="stmt"/>
        <line num="9" count="7" type="stmt"/>
      </file>
    </package>
  </project>
</coverage>
