{"/home/luis/Área de Trabalho/sing-me-a-song/src/app.js": {"path":"/home/luis/Área de Trabalho/sing-me-a-song/src/app.js","statementMap":{"0":{"start":{"line":5,"column":12},"end":{"line":5,"column":21}},"1":{"start":{"line":6,"column":0},"end":{"line":6,"column":16}},"2":{"start":{"line":7,"column":0},"end":{"line":7,"column":24}},"3":{"start":{"line":9,"column":0},"end":{"line":9,"column":71}},"4":{"start":{"line":10,"column":0},"end":{"line":10,"column":78}},"5":{"start":{"line":11,"column":0},"end":{"line":11,"column":82}},"6":{"start":{"line":12,"column":0},"end":{"line":12,"column":76}}},"fnMap":{},"branchMap":{},"s":{"0":1,"1":1,"2":1,"3":1,"4":1,"5":1,"6":1},"f":{},"b":{},"_coverageSchema":"1a1c01bbd47fc00a2c39e90264f33305004495a9","hash":"62f9f1b35ac6b6b1103634b30eef488fd7220f20"}
,"/home/luis/Área de Trabalho/sing-me-a-song/src/database.js": {"path":"/home/luis/Área de Trabalho/sing-me-a-song/src/database.js","statementMap":{"0":{"start":{"line":3,"column":17},"end":{"line":3,"column":19}},"1":{"start":{"line":5,"column":19},"end":{"line":12,"column":2}}},"fnMap":{},"branchMap":{},"s":{"0":2,"1":2},"f":{},"b":{},"_coverageSchema":"1a1c01bbd47fc00a2c39e90264f33305004495a9","hash":"ead6f8d5a6a4faff60f6196eccaeae1f43726614"}
,"/home/luis/Área de Trabalho/sing-me-a-song/src/setup.js": {"path":"/home/luis/Área de Trabalho/sing-me-a-song/src/setup.js","statementMap":{"0":{"start":{"line":3,"column":14},"end":{"line":3,"column":20}},"1":{"start":{"line":4,"column":0},"end":{"line":4,"column":59}},"2":{"start":{"line":4,"column":37},"end":{"line":4,"column":59}},"3":{"start":{"line":5,"column":0},"end":{"line":5,"column":57}},"4":{"start":{"line":5,"column":36},"end":{"line":5,"column":57}},"5":{"start":{"line":7,"column":0},"end":{"line":9,"column":3}}},"fnMap":{},"branchMap":{"0":{"loc":{"start":{"line":4,"column":0},"end":{"line":4,"column":59}},"type":"if","locations":[{"start":{"line":4,"column":0},"end":{"line":4,"column":59}},{"start":{},"end":{}}],"line":4},"1":{"loc":{"start":{"line":5,"column":0},"end":{"line":5,"column":57}},"type":"if","locations":[{"start":{"line":5,"column":0},"end":{"line":5,"column":57}},{"start":{},"end":{}}],"line":5}},"s":{"0":1,"1":1,"2":1,"3":1,"4":0,"5":1},"f":{},"b":{"0":[1,0],"1":[0,1]},"_coverageSchema":"1a1c01bbd47fc00a2c39e90264f33305004495a9","hash":"10261d370db7dbab2073a3d9c5825f97d0f36963"}
,"/home/luis/Área de Trabalho/sing-me-a-song/src/controllers/recommendationsController.js": {"path":"/home/luis/Área de Trabalho/sing-me-a-song/src/controllers/recommendationsController.js","statementMap":{"0":{"start":{"line":5,"column":34},"end":{"line":5,"column":42}},"1":{"start":{"line":6,"column":4},"end":{"line":6,"column":58}},"2":{"start":{"line":6,"column":31},"end":{"line":6,"column":58}},"3":{"start":{"line":8,"column":4},"end":{"line":18,"column":5}},"4":{"start":{"line":9,"column":8},"end":{"line":9,"column":96}},"5":{"start":{"line":9,"column":69},"end":{"line":9,"column":96}},"6":{"start":{"line":11,"column":23},"end":{"line":11,"column":75}},"7":{"start":{"line":12,"column":8},"end":{"line":12,"column":62}},"8":{"start":{"line":12,"column":35},"end":{"line":12,"column":62}},"9":{"start":{"line":14,"column":8},"end":{"line":14,"column":35}},"10":{"start":{"line":16,"column":8},"end":{"line":16,"column":27}},"11":{"start":{"line":17,"column":8},"end":{"line":17,"column":35}},"12":{"start":{"line":22,"column":15},"end":{"line":22,"column":36}},"13":{"start":{"line":24,"column":4},"end":{"line":24,"column":53}},"14":{"start":{"line":24,"column":26},"end":{"line":24,"column":53}},"15":{"start":{"line":26,"column":4},"end":{"line":34,"column":5}},"16":{"start":{"line":27,"column":28},"end":{"line":27,"column":84}},"17":{"start":{"line":28,"column":8},"end":{"line":28,"column":53}},"18":{"start":{"line":28,"column":26},"end":{"line":28,"column":53}},"19":{"start":{"line":30,"column":8},"end":{"line":30,"column":35}},"20":{"start":{"line":32,"column":8},"end":{"line":32,"column":29}},"21":{"start":{"line":33,"column":8},"end":{"line":33,"column":35}},"22":{"start":{"line":38,"column":15},"end":{"line":38,"column":36}},"23":{"start":{"line":40,"column":4},"end":{"line":40,"column":53}},"24":{"start":{"line":40,"column":26},"end":{"line":40,"column":53}},"25":{"start":{"line":42,"column":4},"end":{"line":51,"column":5}},"26":{"start":{"line":43,"column":28},"end":{"line":43,"column":84}},"27":{"start":{"line":44,"column":8},"end":{"line":44,"column":53}},"28":{"start":{"line":44,"column":26},"end":{"line":44,"column":53}},"29":{"start":{"line":45,"column":8},"end":{"line":45,"column":83}},"30":{"start":{"line":45,"column":36},"end":{"line":45,"column":83}},"31":{"start":{"line":47,"column":8},"end":{"line":47,"column":35}},"32":{"start":{"line":49,"column":8},"end":{"line":49,"column":29}},"33":{"start":{"line":50,"column":8},"end":{"line":50,"column":35}},"34":{"start":{"line":55,"column":4},"end":{"line":64,"column":5}},"35":{"start":{"line":56,"column":21},"end":{"line":56,"column":68}},"36":{"start":{"line":58,"column":8},"end":{"line":58,"column":46}},"37":{"start":{"line":58,"column":19},"end":{"line":58,"column":46}},"38":{"start":{"line":60,"column":8},"end":{"line":60,"column":42}},"39":{"start":{"line":62,"column":8},"end":{"line":62,"column":29}},"40":{"start":{"line":63,"column":8},"end":{"line":63,"column":35}}},"fnMap":{"0":{"name":"recommendASong","decl":{"start":{"line":4,"column":15},"end":{"line":4,"column":29}},"loc":{"start":{"line":4,"column":40},"end":{"line":19,"column":1}},"line":4},"1":{"name":"upvoteSong","decl":{"start":{"line":21,"column":15},"end":{"line":21,"column":25}},"loc":{"start":{"line":21,"column":36},"end":{"line":35,"column":1}},"line":21},"2":{"name":"downvoteSong","decl":{"start":{"line":37,"column":15},"end":{"line":37,"column":27}},"loc":{"start":{"line":37,"column":38},"end":{"line":52,"column":1}},"line":37},"3":{"name":"getRandomSong","decl":{"start":{"line":54,"column":15},"end":{"line":54,"column":28}},"loc":{"start":{"line":54,"column":39},"end":{"line":65,"column":1}},"line":54}},"branchMap":{"0":{"loc":{"start":{"line":6,"column":4},"end":{"line":6,"column":58}},"type":"if","locations":[{"start":{"line":6,"column":4},"end":{"line":6,"column":58}},{"start":{},"end":{}}],"line":6},"1":{"loc":{"start":{"line":6,"column":8},"end":{"line":6,"column":29}},"type":"binary-expr","locations":[{"start":{"line":6,"column":8},"end":{"line":6,"column":13}},{"start":{"line":6,"column":17},"end":{"line":6,"column":29}}],"line":6},"2":{"loc":{"start":{"line":9,"column":8},"end":{"line":9,"column":96}},"type":"if","locations":[{"start":{"line":9,"column":8},"end":{"line":9,"column":96}},{"start":{},"end":{}}],"line":9},"3":{"loc":{"start":{"line":12,"column":8},"end":{"line":12,"column":62}},"type":"if","locations":[{"start":{"line":12,"column":8},"end":{"line":12,"column":62}},{"start":{},"end":{}}],"line":12},"4":{"loc":{"start":{"line":24,"column":4},"end":{"line":24,"column":53}},"type":"if","locations":[{"start":{"line":24,"column":4},"end":{"line":24,"column":53}},{"start":{},"end":{}}],"line":24},"5":{"loc":{"start":{"line":28,"column":8},"end":{"line":28,"column":53}},"type":"if","locations":[{"start":{"line":28,"column":8},"end":{"line":28,"column":53}},{"start":{},"end":{}}],"line":28},"6":{"loc":{"start":{"line":40,"column":4},"end":{"line":40,"column":53}},"type":"if","locations":[{"start":{"line":40,"column":4},"end":{"line":40,"column":53}},{"start":{},"end":{}}],"line":40},"7":{"loc":{"start":{"line":44,"column":8},"end":{"line":44,"column":53}},"type":"if","locations":[{"start":{"line":44,"column":8},"end":{"line":44,"column":53}},{"start":{},"end":{}}],"line":44},"8":{"loc":{"start":{"line":45,"column":8},"end":{"line":45,"column":83}},"type":"if","locations":[{"start":{"line":45,"column":8},"end":{"line":45,"column":83}},{"start":{},"end":{}}],"line":45},"9":{"loc":{"start":{"line":58,"column":8},"end":{"line":58,"column":46}},"type":"if","locations":[{"start":{"line":58,"column":8},"end":{"line":58,"column":46}},{"start":{},"end":{}}],"line":58}},"s":{"0":4,"1":4,"2":1,"3":3,"4":3,"5":1,"6":2,"7":2,"8":1,"9":1,"10":0,"11":0,"12":3,"13":3,"14":1,"15":2,"16":2,"17":2,"18":1,"19":1,"20":0,"21":0,"22":3,"23":3,"24":1,"25":2,"26":2,"27":2,"28":1,"29":1,"30":0,"31":1,"32":0,"33":0,"34":0,"35":0,"36":0,"37":0,"38":0,"39":0,"40":0},"f":{"0":4,"1":3,"2":3,"3":0},"b":{"0":[1,3],"1":[4,4],"2":[1,2],"3":[1,1],"4":[1,2],"5":[1,1],"6":[1,2],"7":[1,1],"8":[0,1],"9":[0,0]},"_coverageSchema":"1a1c01bbd47fc00a2c39e90264f33305004495a9","hash":"b755ee1b2b4bcf174165e544b5a3a5b4b8caf5ff"}
,"/home/luis/Área de Trabalho/sing-me-a-song/src/repositories/recommendationsRepository.js": {"path":"/home/luis/Área de Trabalho/sing-me-a-song/src/repositories/recommendationsRepository.js","statementMap":{"0":{"start":{"line":4,"column":34},"end":{"line":4,"column":38}},"1":{"start":{"line":6,"column":19},"end":{"line":6,"column":137}},"2":{"start":{"line":8,"column":4},"end":{"line":8,"column":18}},"3":{"start":{"line":12,"column":19},"end":{"line":12,"column":119}},"4":{"start":{"line":14,"column":4},"end":{"line":14,"column":26}},"5":{"start":{"line":18,"column":4},"end":{"line":18,"column":70}},"6":{"start":{"line":22,"column":19},"end":{"line":22,"column":33}},"7":{"start":{"line":23,"column":23},"end":{"line":23,"column":41}},"8":{"start":{"line":25,"column":16},"end":{"line":25,"column":75}},"9":{"start":{"line":27,"column":4},"end":{"line":27,"column":60}},"10":{"start":{"line":27,"column":30},"end":{"line":27,"column":60}},"11":{"start":{"line":28,"column":4},"end":{"line":28,"column":60}},"12":{"start":{"line":28,"column":31},"end":{"line":28,"column":60}},"13":{"start":{"line":30,"column":4},"end":{"line":30,"column":63}},"14":{"start":{"line":30,"column":16},"end":{"line":30,"column":63}},"15":{"start":{"line":32,"column":19},"end":{"line":32,"column":54}},"16":{"start":{"line":33,"column":18},"end":{"line":33,"column":29}},"17":{"start":{"line":35,"column":4},"end":{"line":35,"column":17}}},"fnMap":{"0":{"name":"insertSong","decl":{"start":{"line":3,"column":15},"end":{"line":3,"column":25}},"loc":{"start":{"line":3,"column":32},"end":{"line":9,"column":1}},"line":3},"1":{"name":"updateSongScore","decl":{"start":{"line":11,"column":15},"end":{"line":11,"column":30}},"loc":{"start":{"line":11,"column":41},"end":{"line":15,"column":1}},"line":11},"2":{"name":"deleteSong","decl":{"start":{"line":17,"column":15},"end":{"line":17,"column":25}},"loc":{"start":{"line":17,"column":30},"end":{"line":19,"column":1}},"line":17},"3":{"name":"selectSongs","decl":{"start":{"line":21,"column":15},"end":{"line":21,"column":26}},"loc":{"start":{"line":21,"column":35},"end":{"line":36,"column":1}},"line":21}},"branchMap":{"0":{"loc":{"start":{"line":27,"column":4},"end":{"line":27,"column":60}},"type":"if","locations":[{"start":{"line":27,"column":4},"end":{"line":27,"column":60}},{"start":{},"end":{}}],"line":27},"1":{"loc":{"start":{"line":28,"column":4},"end":{"line":28,"column":60}},"type":"if","locations":[{"start":{"line":28,"column":4},"end":{"line":28,"column":60}},{"start":{},"end":{}}],"line":28},"2":{"loc":{"start":{"line":30,"column":4},"end":{"line":30,"column":63}},"type":"if","locations":[{"start":{"line":30,"column":4},"end":{"line":30,"column":63}},{"start":{},"end":{}}],"line":30}},"s":{"0":2,"1":2,"2":2,"3":4,"4":4,"5":0,"6":0,"7":0,"8":0,"9":0,"10":0,"11":0,"12":0,"13":0,"14":0,"15":0,"16":0,"17":0},"f":{"0":2,"1":4,"2":0,"3":0},"b":{"0":[0,0],"1":[0,0],"2":[0,0]},"_coverageSchema":"1a1c01bbd47fc00a2c39e90264f33305004495a9","hash":"5358b8f2e47a3d148ac981287dfec08e9a9f226a"}
,"/home/luis/Área de Trabalho/sing-me-a-song/src/services/recommendationsService.js": {"path":"/home/luis/Área de Trabalho/sing-me-a-song/src/services/recommendationsService.js","statementMap":{"0":{"start":{"line":5,"column":23},"end":{"line":9,"column":6}},"1":{"start":{"line":11,"column":22},"end":{"line":11,"column":47}},"2":{"start":{"line":13,"column":4},"end":{"line":13,"column":17}},"3":{"start":{"line":17,"column":19},"end":{"line":17,"column":49}},"4":{"start":{"line":18,"column":23},"end":{"line":18,"column":51}},"5":{"start":{"line":20,"column":21},"end":{"line":20,"column":80}},"6":{"start":{"line":22,"column":4},"end":{"line":22,"column":90}},"7":{"start":{"line":22,"column":29},"end":{"line":22,"column":90}},"8":{"start":{"line":24,"column":24},"end":{"line":24,"column":122}},"9":{"start":{"line":26,"column":4},"end":{"line":26,"column":71}}},"fnMap":{"0":{"name":"newSongValidationError","decl":{"start":{"line":4,"column":9},"end":{"line":4,"column":31}},"loc":{"start":{"line":4,"column":38},"end":{"line":14,"column":1}},"line":4},"1":{"name":"searchRandomSong","decl":{"start":{"line":16,"column":15},"end":{"line":16,"column":31}},"loc":{"start":{"line":16,"column":34},"end":{"line":27,"column":1}},"line":16}},"branchMap":{"0":{"loc":{"start":{"line":18,"column":23},"end":{"line":18,"column":51}},"type":"cond-expr","locations":[{"start":{"line":18,"column":37},"end":{"line":18,"column":42}},{"start":{"line":18,"column":45},"end":{"line":18,"column":51}}],"line":18},"1":{"loc":{"start":{"line":22,"column":4},"end":{"line":22,"column":90}},"type":"if","locations":[{"start":{"line":22,"column":4},"end":{"line":22,"column":90}},{"start":{},"end":{}}],"line":22},"2":{"loc":{"start":{"line":24,"column":82},"end":{"line":24,"column":119}},"type":"cond-expr","locations":[{"start":{"line":24,"column":105},"end":{"line":24,"column":111}},{"start":{"line":24,"column":114},"end":{"line":24,"column":119}}],"line":24}},"s":{"0":5,"1":5,"2":5,"3":3,"4":3,"5":3,"6":3,"7":1,"8":2,"9":2},"f":{"0":5,"1":3},"b":{"0":[1,2],"1":[1,2],"2":[1,1]},"_coverageSchema":"1a1c01bbd47fc00a2c39e90264f33305004495a9","hash":"6828143c3b597d20602488eafcb93d1ff08d9d07"}
,"/home/luis/Área de Trabalho/sing-me-a-song/tests/factories/songFactory.js": {"path":"/home/luis/Área de Trabalho/sing-me-a-song/tests/factories/songFactory.js","statementMap":{"0":{"start":{"line":4,"column":17},"end":{"line":7,"column":5}},"1":{"start":{"line":9,"column":4},"end":{"line":9,"column":16}}},"fnMap":{"0":{"name":"createSong","decl":{"start":{"line":3,"column":9},"end":{"line":3,"column":19}},"loc":{"start":{"line":3,"column":22},"end":{"line":10,"column":1}},"line":3}},"branchMap":{},"s":{"0":7,"1":7},"f":{"0":7},"b":{},"_coverageSchema":"1a1c01bbd47fc00a2c39e90264f33305004495a9","hash":"bedf3f6972aaabfb058064d08363c4d67b801db8"}
}
