TN:
SF:src/app.js
FNF:0
FNH:0
DA:5,1
DA:6,1
DA:7,1
DA:9,1
DA:10,1
DA:11,1
DA:12,1
LF:7
LH:7
BRF:0
BRH:0
end_of_record
TN:
SF:src/database.js
FNF:0
FNH:0
DA:3,2
DA:5,2
LF:2
LH:2
BRF:0
BRH:0
end_of_record
TN:
SF:src/setup.js
FNF:0
FNH:0
DA:3,1
DA:4,1
DA:5,1
DA:7,1
LF:4
LH:4
BRDA:4,0,0,1
BRDA:4,0,1,0
BRDA:5,1,0,0
BRDA:5,1,1,1
BRF:4
BRH:2
end_of_record
TN:
SF:src/controllers/recommendationsController.js
FN:4,recommendASong
FN:21,upvoteSong
FN:37,downvoteSong
FN:54,getRandomSong
FNF:4
FNH:3
FNDA:4,recommendASong
FNDA:3,upvoteSong
FNDA:3,downvoteSong
FNDA:0,getRandomSong
DA:5,4
DA:6,4
DA:8,3
DA:9,3
DA:11,2
DA:12,2
DA:14,1
DA:16,0
DA:17,0
DA:22,3
DA:24,3
DA:26,2
DA:27,2
DA:28,2
DA:30,1
DA:32,0
DA:33,0
DA:38,3
DA:40,3
DA:42,2
DA:43,2
DA:44,2
DA:45,1
DA:47,1
DA:49,0
DA:50,0
DA:55,0
DA:56,0
DA:58,0
DA:60,0
DA:62,0
DA:63,0
LF:32
LH:20
BRDA:6,0,0,1
BRDA:6,0,1,3
BRDA:6,1,0,4
BRDA:6,1,1,4
BRDA:9,2,0,1
BRDA:9,2,1,2
BRDA:12,3,0,1
BRDA:12,3,1,1
BRDA:24,4,0,1
BRDA:24,4,1,2
BRDA:28,5,0,1
BRDA:28,5,1,1
BRDA:40,6,0,1
BRDA:40,6,1,2
BRDA:44,7,0,1
BRDA:44,7,1,1
BRDA:45,8,0,0
BRDA:45,8,1,1
BRDA:58,9,0,0
BRDA:58,9,1,0
BRF:20
BRH:17
end_of_record
TN:
SF:src/repositories/recommendationsRepository.js
FN:3,insertSong
FN:11,updateSongScore
FN:17,deleteSong
FN:21,selectSongs
FNF:4
FNH:2
FNDA:2,insertSong
FNDA:4,updateSongScore
FNDA:0,deleteSong
FNDA:0,selectSongs
DA:4,2
DA:6,2
DA:8,2
DA:12,4
DA:14,4
DA:18,0
DA:22,0
DA:23,0
DA:25,0
DA:27,0
DA:28,0
DA:30,0
DA:32,0
DA:33,0
DA:35,0
LF:15
LH:5
BRDA:27,0,0,0
BRDA:27,0,1,0
BRDA:28,1,0,0
BRDA:28,1,1,0
BRDA:30,2,0,0
BRDA:30,2,1,0
BRF:6
BRH:0
end_of_record
TN:
SF:src/services/recommendationsService.js
FN:4,newSongValidationError
FN:16,searchRandomSong
FNF:2
FNH:2
FNDA:5,newSongValidationError
FNDA:3,searchRandomSong
DA:5,5
DA:11,5
DA:13,5
DA:17,3
DA:18,3
DA:20,3
DA:22,3
DA:24,2
DA:26,2
LF:9
LH:9
BRDA:18,0,0,1
BRDA:18,0,1,2
BRDA:22,1,0,1
BRDA:22,1,1,2
BRDA:24,2,0,1
BRDA:24,2,1,1
BRF:6
BRH:6
end_of_record
TN:
SF:tests/factories/songFactory.js
FN:3,createSong
FNF:1
FNH:1
FNDA:7,createSong
DA:4,7
DA:9,7
LF:2
LH:2
BRF:0
BRH:0
end_of_record
